# JRE version: OpenJDK Runtime Environment Temurin-17.0.18+8 (17.0.18+8) (build 17.0.18+8)
# Java VM: OpenJDK 64-Bit Server VM Temurin-17.0.18+8 (17.0.18+8, mixed mode, sharing, tiered, compressed oops, compressed class ptrs, g1 gc, windows-amd64)
GC Precious Log:
 CPUs: 2 total, 2 available
 Memory: 3737M
 Large Page Support: Disabled
 NUMA Support: Disabled
 Compressed Oops: Enabled (32-bit)
 Heap Region Size: 1M
 Heap Min Capacity: 8M
 Heap Initial Capacity: 60M
 Heap Max Capacity: 936M
 Pre-touch: Disabled
 Parallel Workers: 2
 Concurrent Workers: 1
 Concurrent Refinement Workers: 2
 Periodic GC: Disabled
Heap:
 garbage-first heap   total 69632K, used 19969K [0x00000000c5800000, 0x0000000100000000)
  region size 1024K, 11 young (11264K), 5 survivors (5120K)
 Metaspace       used 27603K, committed 28096K, reserved 1114112K
  class space    used 3349K, committed 3584K, reserved 1048576K
GC Heap History (20 events):
Event: 16.204 GC heap before
{Heap before GC invocations=4 (full 0):
 garbage-first heap   total 61440K, used 37645K [0x00000000c5800000, 0x0000000100000000)
  region size 1024K, 36 young (36864K), 3 survivors (3072K)
 Metaspace       used 11213K, committed 11520K, reserved 1114112K
  class space    used 1437K, committed 1600K, reserved 1048576K
}
Event: 16.216 GC heap after
{Heap after GC invocations=5 (full 0):
 garbage-first heap   total 61440K, used 4736K [0x00000000c5800000, 0x0000000100000000)
  region size 1024K, 4 young (4096K), 4 survivors (4096K)
 Metaspace       used 11213K, committed 11520K, reserved 1114112K
  class space    used 1437K, committed 1600K, reserved 1048576K
}
Event: 18.254 GC heap before
{Heap before GC invocations=5 (full 0):
 garbage-first heap   total 61440K, used 37504K [0x00000000c5800000, 0x0000000100000000)
  region size 1024K, 36 young (36864K), 4 survivors (4096K)
 Metaspace       used 13006K, committed 13376K, reserved 1114112K
  class space    used 1626K, committed 1792K, reserved 1048576K
}
Event: 18.267 GC heap after
{Heap after GC invocations=6 (full 0):
 garbage-first heap   total 61440K, used 6465K [0x00000000c5800000, 0x0000000100000000)
  region size 1024K, 4 young (4096K), 4 survivors (4096K)
 Metaspace       used 13006K, committed 13376K, reserved 1114112K
  class space    used 1626K, committed 1792K, reserved 1048576K
}
Event: 20.217 GC heap before
{Heap before GC invocations=6 (full 0):
 garbage-first heap   total 61440K, used 39233K [0x00000000c5800000, 0x0000000100000000)
  region size 1024K, 36 young (36864K), 4 survivors (4096K)
 Metaspace       used 16073K, committed 16448K, reserved 1114112K
  class space    used 2003K, committed 2176K, reserved 1048576K
}
Event: 20.241 GC heap after
{Heap after GC invocations=7 (full 0):
 garbage-first heap   total 61440K, used 7302K [0x00000000c5800000, 0x0000000100000000)
  region size 1024K, 3 young (3072K), 3 survivors (3072K)
 Metaspace       used 16073K, committed 16448K, reserved 1114112K
  class space    used 2003K, committed 2176K, reserved 1048576K
}
Event: 22.105 GC heap before
{Heap before GC invocations=7 (full 0):
 garbage-first heap   total 61440K, used 35974K [0x00000000c5800000, 0x0000000100000000)
  region size 1024K, 32 young (32768K), 3 survivors (3072K)
 Metaspace       used 21122K, committed 21504K, reserved 1114112K
  class space    used 2540K, committed 2752K, reserved 1048576K
}
Event: 22.116 GC heap after
{Heap after GC invocations=8 (full 0):
 garbage-first heap   total 61440K, used 8412K [0x00000000c5800000, 0x0000000100000000)
  region size 1024K, 4 young (4096K), 4 survivors (4096K)
 Metaspace       used 21122K, committed 21504K, reserved 1114112K
  class space    used 2540K, committed 2752K, reserved 1048576K
}
Event: 22.575 GC heap before
{Heap before GC invocations=9 (full 0):
 garbage-first heap   total 34816K, used 24796K [0x00000000c5800000, 0x0000000100000000)
  region size 1024K, 20 young (20480K), 4 survivors (4096K)
 Metaspace       used 21362K, committed 21760K, reserved 1114112K
  class space    used 2553K, committed 2752K, reserved 1048576K
}
Event: 22.590 GC heap after
{Heap after GC invocations=10 (full 0):
 garbage-first heap   total 34816K, used 9990K [0x00000000c5800000, 0x0000000100000000)
  region size 1024K, 3 young (3072K), 3 survivors (3072K)
 Metaspace       used 21362K, committed 21760K, reserved 1114112K
  class space    used 2553K, committed 2752K, reserved 1048576K
}
Event: 22.600 GC heap before
{Heap before GC invocations=10 (full 0):
 garbage-first heap   total 34816K, used 11014K [0x00000000c5800000, 0x0000000100000000)
  region size 1024K, 4 young (4096K), 3 survivors (3072K)
 Metaspace       used 21368K, committed 21760K, reserved 1114112K
  class space    used 2553K, committed 2752K, reserved 1048576K
}
Event: 22.608 GC heap after
{Heap after GC invocations=11 (full 0):
 garbage-first heap   total 34816K, used 10269K [0x00000000c5800000, 0x0000000100000000)
  region size 1024K, 1 young (1024K), 1 survivors (1024K)
 Metaspace       used 21368K, committed 21760K, reserved 1114112K
  class space    used 2553K, committed 2752K, reserved 1048576K
}
Event: 22.672 GC heap before
{Heap before GC invocations=11 (full 0):
 garbage-first heap   total 34816K, used 25629K [0x00000000c5800000, 0x0000000100000000)
  region size 1024K, 16 young (16384K), 1 survivors (1024K)
 Metaspace       used 21368K, committed 21760K, reserved 1114112K
  class space    used 2553K, committed 2752K, reserved 1048576K
}
Event: 22.673 GC heap after
{Heap after GC invocations=12 (full 0):
 garbage-first heap   total 34816K, used 10113K [0x00000000c5800000, 0x0000000100000000)
  region size 1024K, 1 young (1024K), 1 survivors (1024K)
 Metaspace       used 21368K, committed 21760K, reserved 1114112K
  class space    used 2553K, committed 2752K, reserved 1048576K
}
Event: 22.712 GC heap before
{Heap before GC invocations=12 (full 0):
 garbage-first heap   total 34816K, used 25473K [0x00000000c5800000, 0x0000000100000000)
  region size 1024K, 16 young (16384K), 1 survivors (1024K)
 Metaspace       used 21368K, committed 21760K, reserved 1114112K
  class space    used 2553K, committed 2752K, reserved 1048576K
}
Event: 22.714 GC heap after
{Heap after GC invocations=13 (full 0):
 garbage-first heap   total 69632K, used 9995K [0x00000000c5800000, 0x0000000100000000)
  region size 1024K, 1 young (1024K), 1 survivors (1024K)
 Metaspace       used 21368K, committed 21760K, reserved 1114112K
  class space    used 2553K, committed 2752K, reserved 1048576K
}
Event: 25.660 GC heap before
{Heap before GC invocations=13 (full 0):
 garbage-first heap   total 69632K, used 49931K [0x00000000c5800000, 0x0000000100000000)
  region size 1024K, 40 young (40960K), 1 survivors (1024K)
 Metaspace       used 25174K, committed 25536K, reserved 1114112K
  class space    used 3032K, committed 3200K, reserved 1048576K
}
Event: 25.669 GC heap after
{Heap after GC invocations=14 (full 0):
 garbage-first heap   total 69632K, used 11454K [0x00000000c5800000, 0x0000000100000000)
  region size 1024K, 2 young (2048K), 2 survivors (2048K)
 Metaspace       used 25174K, committed 25536K, reserved 1114112K
  class space    used 3032K, committed 3200K, reserved 1048576K
}
Event: 32.526 GC heap before
{Heap before GC invocations=14 (full 0):
 garbage-first heap   total 69632K, used 50366K [0x00000000c5800000, 0x0000000100000000)
  region size 1024K, 40 young (40960K), 2 survivors (2048K)
 Metaspace       used 26859K, committed 27264K, reserved 1114112K
  class space    used 3220K, committed 3392K, reserved 1048576K
}
Event: 32.544 GC heap after
{Heap after GC invocations=15 (full 0):
 garbage-first heap   total 69632K, used 14849K [0x00000000c5800000, 0x0000000100000000)
  region size 1024K, 5 young (5120K), 5 survivors (5120K)
 Metaspace       used 26859K, committed 27264K, reserved 1114112K
  class space    used 3220K, committed 3392K, reserved 1048576K
}

